<?xml version="1.0" encoding="UTF-8"?>
<!-- Generated by org.testng.reporters.JUnitReportReporter -->
<testsuite skipped="0" hostname="Sasi-Inspiron" name="com_AutomationTalks.demoProject1Cloud.TestClass1" tests="3" failures="0" timestamp="2022-08-15T15:59:38 PDT" time="5.312" errors="0">
  <testcase name="Test3" time="0.882" classname="com_AutomationTalks.demoProject1Cloud.TestClass1"/>
  <system-out/>
  <testcase name="Test1" time="3.469" classname="com_AutomationTalks.demoProject1Cloud.TestClass1"/>
  <system-out/>
  <testcase name="Test2" time="0.961" classname="com_AutomationTalks.demoProject1Cloud.TestClass1"/>
  <system-out/>
</testsuite> <!-- com_AutomationTalks.demoProject1Cloud.TestClass1 -->
