<?xml version="1.0" encoding="UTF-8"?>
<!-- Generated by org.testng.reporters.JUnitReportReporter -->
<testsuite skipped="0" hostname="Sasi-Inspiron" name="com_AutomationTalks.demoProject1Cloud.TestClass1" tests="3" failures="0" timestamp="15 Aug 2022 23:01:33 GMT" time="5.386" errors="0">
  <testcase name="Test2" time="0.833" classname="com_AutomationTalks.demoProject1Cloud.TestClass1"/>
  <testcase name="Test1" time="3.706" classname="com_AutomationTalks.demoProject1Cloud.TestClass1"/>
  <testcase name="Test3" time="0.847" classname="com_AutomationTalks.demoProject1Cloud.TestClass1"/>
</testsuite> <!-- com_AutomationTalks.demoProject1Cloud.TestClass1 -->
